c:\users\ronni\desktop\game development\physics and simulations\physics simulation framework  v2.0\acw\x64\debug\vc143.pdb
c:\users\ronni\desktop\game development\physics and simulations\physics simulation framework  v2.0\acw\x64\debug\vc143.idb
c:\users\ronni\desktop\game development\physics and simulations\physics simulation framework  v2.0\acw\x64\debug\config.obj
c:\users\ronni\desktop\game development\physics and simulations\physics simulation framework  v2.0\acw\x64\debug\imgui_widgets.obj
c:\users\ronni\desktop\game development\physics and simulations\physics simulation framework  v2.0\acw\x64\debug\imgui_tables.obj
c:\users\ronni\desktop\game development\physics and simulations\physics simulation framework  v2.0\acw\x64\debug\imgui_impl_opengl3.obj
c:\users\ronni\desktop\game development\physics and simulations\physics simulation framework  v2.0\acw\x64\debug\imgui_impl_glfw.obj
c:\users\ronni\desktop\game development\physics and simulations\physics simulation framework  v2.0\acw\x64\debug\imgui_draw.obj
c:\users\ronni\desktop\game development\physics and simulations\physics simulation framework  v2.0\acw\x64\debug\imgui_demo.obj
c:\users\ronni\desktop\game development\physics and simulations\physics simulation framework  v2.0\acw\x64\debug\imgui.obj
c:\users\ronni\desktop\game development\physics and simulations\physics simulation framework  v2.0\acw\x64\debug\renderhelpers.obj
c:\users\ronni\desktop\game development\physics and simulations\physics simulation framework  v2.0\acw\x64\debug\guihelpers.obj
c:\users\ronni\desktop\game development\physics and simulations\physics simulation framework  v2.0\acw\x64\debug\app.obj
c:\users\ronni\desktop\game development\physics and simulations\physics simulation framework  v2.0\acw\x64\debug\camera.obj
c:\users\ronni\desktop\game development\physics and simulations\physics simulation framework  v2.0\acw\x64\debug\gameentity.obj
c:\users\ronni\desktop\game development\physics and simulations\physics simulation framework  v2.0\acw\x64\debug\projectile.obj
c:\users\ronni\desktop\game development\physics and simulations\physics simulation framework  v2.0\acw\x64\debug\physics.obj
c:\users\ronni\desktop\game development\physics and simulations\physics simulation framework  v2.0\acw\x64\debug\integrator.obj
c:\users\ronni\desktop\game development\physics and simulations\physics simulation framework  v2.0\acw\x64\debug\collisionobject.obj
c:\users\ronni\desktop\game development\physics and simulations\physics simulation framework  v2.0\acw\x64\debug\collisiondetector.obj
c:\users\ronni\desktop\game development\physics and simulations\physics simulation framework  v2.0\acw\x64\debug\boundingvolumehierarchy.obj
c:\users\ronni\desktop\game development\physics and simulations\physics simulation framework  v2.0\acw\x64\debug\boundingsphere.obj
c:\users\ronni\desktop\game development\physics and simulations\physics simulation framework  v2.0\acw\x64\debug\tile.obj
c:\users\ronni\desktop\game development\physics and simulations\physics simulation framework  v2.0\acw\x64\debug\world.obj
c:\users\ronni\desktop\game development\physics and simulations\physics simulation framework  v2.0\acw\x64\debug\tower.obj
c:\users\ronni\desktop\game development\physics and simulations\physics simulation framework  v2.0\x64\debug\acw.pdb
c:\users\ronni\desktop\game development\physics and simulations\physics simulation framework  v2.0\acw\x64\debug\acw.tlog\cl.command.1.tlog
c:\users\ronni\desktop\game development\physics and simulations\physics simulation framework  v2.0\acw\x64\debug\acw.tlog\cl.read.1.tlog
c:\users\ronni\desktop\game development\physics and simulations\physics simulation framework  v2.0\acw\x64\debug\acw.tlog\cl.write.1.tlog
c:\users\ronni\desktop\game development\physics and simulations\physics simulation framework  v2.0\acw\x64\debug\acw.tlog\link-cvtres.read.1.tlog
c:\users\ronni\desktop\game development\physics and simulations\physics simulation framework  v2.0\acw\x64\debug\acw.tlog\link-cvtres.write.1.tlog
c:\users\ronni\desktop\game development\physics and simulations\physics simulation framework  v2.0\acw\x64\debug\acw.tlog\link-rc.read.1.tlog
c:\users\ronni\desktop\game development\physics and simulations\physics simulation framework  v2.0\acw\x64\debug\acw.tlog\link-rc.write.1.tlog
c:\users\ronni\desktop\game development\physics and simulations\physics simulation framework  v2.0\acw\x64\debug\acw.tlog\link.command.1.tlog
c:\users\ronni\desktop\game development\physics and simulations\physics simulation framework  v2.0\acw\x64\debug\acw.tlog\link.read.1.tlog
c:\users\ronni\desktop\game development\physics and simulations\physics simulation framework  v2.0\acw\x64\debug\acw.tlog\link.read.2.tlog
c:\users\ronni\desktop\game development\physics and simulations\physics simulation framework  v2.0\acw\x64\debug\acw.tlog\link.write.1.tlog
